[2018-09-03T20:06:31.873] [INFO] http - ::1 - - "GET /robots.txt HTTP/1.1" 200 - "" "Mozilla/5.0 (Macintosh; Intel Mac OS X 10_13_4) AppleWebKit/537.36 (KHTML, like Gecko) Chrome/68.0.3440.106 Safari/537.36"
[2018-09-03T20:06:31.875] [INFO] http - ::ffff:127.0.0.1 - - "GET /api/topics HTTP/1.1" 200 500 "" "node-fetch/1.0 (+https://github.com/bitinn/node-fetch)"
[2018-09-03T20:06:31.909] [WARN] http - ::1 - - "GET / HTTP/1.1" 304 - "" "Mozilla/5.0 (Macintosh; Intel Mac OS X 10_13_4) AppleWebKit/537.36 (KHTML, like Gecko) Chrome/68.0.3440.106 Safari/537.36"
[2018-09-03T20:06:31.935] [WARN] http - ::1 - - "GET /static/css/main.41e267b4.css HTTP/1.1" 304 - "http://localhost:3000/" "Mozilla/5.0 (Macintosh; Intel Mac OS X 10_13_4) AppleWebKit/537.36 (KHTML, like Gecko) Chrome/68.0.3440.106 Safari/537.36"
[2018-09-03T20:06:31.936] [WARN] http - ::1 - - "GET /static/js/client.bundle.js HTTP/1.1" 304 - "http://localhost:3000/" "Mozilla/5.0 (Macintosh; Intel Mac OS X 10_13_4) AppleWebKit/537.36 (KHTML, like Gecko) Chrome/68.0.3440.106 Safari/537.36"
[2018-09-03T20:06:32.127] [WARN] http - ::1 - - "GET /api/topics/total/?tab= HTTP/1.1" 304 - "http://localhost:3000/" "Mozilla/5.0 (Macintosh; Intel Mac OS X 10_13_4) AppleWebKit/537.36 (KHTML, like Gecko) Chrome/68.0.3440.106 Safari/537.36"
[2018-09-03T20:06:32.128] [WARN] http - ::1 - - "GET /api/userinfo HTTP/1.1" 304 - "http://localhost:3000/" "Mozilla/5.0 (Macintosh; Intel Mac OS X 10_13_4) AppleWebKit/537.36 (KHTML, like Gecko) Chrome/68.0.3440.106 Safari/537.36"
[2018-09-03T20:06:32.130] [WARN] http - ::1 - - "GET /api/topics HTTP/1.1" 304 - "http://localhost:3000/" "Mozilla/5.0 (Macintosh; Intel Mac OS X 10_13_4) AppleWebKit/537.36 (KHTML, like Gecko) Chrome/68.0.3440.106 Safari/537.36"
[2018-09-03T20:06:34.306] [INFO] http - ::1 - - "GET /api/topic/1 HTTP/1.1" 200 1460 "http://localhost:3000/topic/1" "Mozilla/5.0 (Macintosh; Intel Mac OS X 10_13_4) AppleWebKit/537.36 (KHTML, like Gecko) Chrome/68.0.3440.106 Safari/537.36"
[2018-09-03T20:06:35.468] [WARN] http - ::1 - - "GET /api/topics/total/?tab= HTTP/1.1" 304 - "http://localhost:3000/" "Mozilla/5.0 (Macintosh; Intel Mac OS X 10_13_4) AppleWebKit/537.36 (KHTML, like Gecko) Chrome/68.0.3440.106 Safari/537.36"
[2018-09-03T20:06:35.470] [INFO] http - ::1 - - "GET /api/topics HTTP/1.1" 200 500 "http://localhost:3000/" "Mozilla/5.0 (Macintosh; Intel Mac OS X 10_13_4) AppleWebKit/537.36 (KHTML, like Gecko) Chrome/68.0.3440.106 Safari/537.36"
[2018-09-03T20:06:39.166] [WARN] http - ::1 - - "GET /api/auth/github HTTP/1.1" 302 0 "http://localhost:3000/signin" "Mozilla/5.0 (Macintosh; Intel Mac OS X 10_13_4) AppleWebKit/537.36 (KHTML, like Gecko) Chrome/68.0.3440.106 Safari/537.36"
[2018-09-03T20:06:42.519] [WARN] http - ::1 - - "GET /api/auth/github/callback?code=9fea2050834f85b101ec HTTP/1.1" 302 46 "http://localhost:3000/signin" "Mozilla/5.0 (Macintosh; Intel Mac OS X 10_13_4) AppleWebKit/537.36 (KHTML, like Gecko) Chrome/68.0.3440.106 Safari/537.36"
[2018-09-03T20:06:42.528] [INFO] http - ::ffff:127.0.0.1 - - "GET /api/topics HTTP/1.1" 200 500 "" "node-fetch/1.0 (+https://github.com/bitinn/node-fetch)"
[2018-09-03T20:06:42.537] [INFO] http - ::1 - - "GET / HTTP/1.1" 200 5506 "http://localhost:3000/signin" "Mozilla/5.0 (Macintosh; Intel Mac OS X 10_13_4) AppleWebKit/537.36 (KHTML, like Gecko) Chrome/68.0.3440.106 Safari/537.36"
[2018-09-03T20:06:42.553] [WARN] http - ::1 - - "GET /static/css/main.41e267b4.css HTTP/1.1" 304 - "http://localhost:3000/" "Mozilla/5.0 (Macintosh; Intel Mac OS X 10_13_4) AppleWebKit/537.36 (KHTML, like Gecko) Chrome/68.0.3440.106 Safari/537.36"
[2018-09-03T20:06:42.555] [WARN] http - ::1 - - "GET /static/js/client.bundle.js HTTP/1.1" 304 - "http://localhost:3000/" "Mozilla/5.0 (Macintosh; Intel Mac OS X 10_13_4) AppleWebKit/537.36 (KHTML, like Gecko) Chrome/68.0.3440.106 Safari/537.36"
[2018-09-03T20:06:42.772] [WARN] http - ::1 - - "GET /api/topics/total/?tab= HTTP/1.1" 304 - "http://localhost:3000/" "Mozilla/5.0 (Macintosh; Intel Mac OS X 10_13_4) AppleWebKit/537.36 (KHTML, like Gecko) Chrome/68.0.3440.106 Safari/537.36"
[2018-09-03T20:06:42.773] [WARN] http - ::1 - - "GET /api/topics HTTP/1.1" 304 - "http://localhost:3000/" "Mozilla/5.0 (Macintosh; Intel Mac OS X 10_13_4) AppleWebKit/537.36 (KHTML, like Gecko) Chrome/68.0.3440.106 Safari/537.36"
[2018-09-03T20:06:42.784] [INFO] http - ::1 - - "GET /api/userinfo HTTP/1.1" 200 395 "http://localhost:3000/" "Mozilla/5.0 (Macintosh; Intel Mac OS X 10_13_4) AppleWebKit/537.36 (KHTML, like Gecko) Chrome/68.0.3440.106 Safari/537.36"
[2018-09-03T20:07:06.346] [INFO] http - ::ffff:127.0.0.1 - - "GET /api/topics HTTP/1.1" 200 500 "" "node-fetch/1.0 (+https://github.com/bitinn/node-fetch)"
[2018-09-03T20:07:06.356] [WARN] http - ::1 - - "GET / HTTP/1.1" 304 - "http://localhost:3000/signin" "Mozilla/5.0 (Macintosh; Intel Mac OS X 10_13_4) AppleWebKit/537.36 (KHTML, like Gecko) Chrome/68.0.3440.106 Safari/537.36"
[2018-09-03T20:07:06.375] [WARN] http - ::1 - - "GET /static/css/main.41e267b4.css HTTP/1.1" 304 - "http://localhost:3000/" "Mozilla/5.0 (Macintosh; Intel Mac OS X 10_13_4) AppleWebKit/537.36 (KHTML, like Gecko) Chrome/68.0.3440.106 Safari/537.36"
[2018-09-03T20:07:06.377] [WARN] http - ::1 - - "GET /static/js/client.bundle.js HTTP/1.1" 304 - "http://localhost:3000/" "Mozilla/5.0 (Macintosh; Intel Mac OS X 10_13_4) AppleWebKit/537.36 (KHTML, like Gecko) Chrome/68.0.3440.106 Safari/537.36"
[2018-09-03T20:07:06.549] [WARN] http - ::1 - - "GET /api/topics/total/?tab= HTTP/1.1" 304 - "http://localhost:3000/" "Mozilla/5.0 (Macintosh; Intel Mac OS X 10_13_4) AppleWebKit/537.36 (KHTML, like Gecko) Chrome/68.0.3440.106 Safari/537.36"
[2018-09-03T20:07:06.554] [WARN] http - ::1 - - "GET /api/topics HTTP/1.1" 304 - "http://localhost:3000/" "Mozilla/5.0 (Macintosh; Intel Mac OS X 10_13_4) AppleWebKit/537.36 (KHTML, like Gecko) Chrome/68.0.3440.106 Safari/537.36"
[2018-09-03T20:07:06.558] [WARN] http - ::1 - - "GET /api/userinfo HTTP/1.1" 304 - "http://localhost:3000/" "Mozilla/5.0 (Macintosh; Intel Mac OS X 10_13_4) AppleWebKit/537.36 (KHTML, like Gecko) Chrome/68.0.3440.106 Safari/537.36"
[2018-09-03T20:07:09.541] [INFO] http - ::ffff:127.0.0.1 - - "GET /api/topics HTTP/1.1" 200 500 "" "node-fetch/1.0 (+https://github.com/bitinn/node-fetch)"
[2018-09-03T20:07:09.548] [WARN] http - ::1 - - "GET / HTTP/1.1" 304 - "http://localhost:3000/signin" "Mozilla/5.0 (Macintosh; Intel Mac OS X 10_13_4) AppleWebKit/537.36 (KHTML, like Gecko) Chrome/68.0.3440.106 Safari/537.36"
[2018-09-03T20:07:09.569] [WARN] http - ::1 - - "GET /static/css/main.41e267b4.css HTTP/1.1" 304 - "http://localhost:3000/" "Mozilla/5.0 (Macintosh; Intel Mac OS X 10_13_4) AppleWebKit/537.36 (KHTML, like Gecko) Chrome/68.0.3440.106 Safari/537.36"
[2018-09-03T20:07:09.570] [WARN] http - ::1 - - "GET /static/js/client.bundle.js HTTP/1.1" 304 - "http://localhost:3000/" "Mozilla/5.0 (Macintosh; Intel Mac OS X 10_13_4) AppleWebKit/537.36 (KHTML, like Gecko) Chrome/68.0.3440.106 Safari/537.36"
[2018-09-03T20:07:09.734] [WARN] http - ::1 - - "GET /api/topics/total/?tab= HTTP/1.1" 304 - "http://localhost:3000/" "Mozilla/5.0 (Macintosh; Intel Mac OS X 10_13_4) AppleWebKit/537.36 (KHTML, like Gecko) Chrome/68.0.3440.106 Safari/537.36"
[2018-09-03T20:07:09.741] [WARN] http - ::1 - - "GET /api/topics HTTP/1.1" 304 - "http://localhost:3000/" "Mozilla/5.0 (Macintosh; Intel Mac OS X 10_13_4) AppleWebKit/537.36 (KHTML, like Gecko) Chrome/68.0.3440.106 Safari/537.36"
[2018-09-03T20:07:09.745] [WARN] http - ::1 - - "GET /api/userinfo HTTP/1.1" 304 - "http://localhost:3000/" "Mozilla/5.0 (Macintosh; Intel Mac OS X 10_13_4) AppleWebKit/537.36 (KHTML, like Gecko) Chrome/68.0.3440.106 Safari/537.36"
[2018-09-03T20:07:26.276] [INFO] http - ::1 - - "POST /api/upload/image HTTP/1.1" 200 101 "http://localhost:3000/topic/create" "Mozilla/5.0 (Macintosh; Intel Mac OS X 10_13_4) AppleWebKit/537.36 (KHTML, like Gecko) Chrome/68.0.3440.106 Safari/537.36"
[2018-09-03T20:07:44.497] [INFO] http - ::1 - - "POST /api/topic/create HTTP/1.1" 200 25 "http://localhost:3000/topic/create" "Mozilla/5.0 (Macintosh; Intel Mac OS X 10_13_4) AppleWebKit/537.36 (KHTML, like Gecko) Chrome/68.0.3440.106 Safari/537.36"
[2018-09-03T20:07:44.526] [INFO] http - ::1 - - "GET /api/topics/total/?tab= HTTP/1.1" 200 18 "http://localhost:3000/" "Mozilla/5.0 (Macintosh; Intel Mac OS X 10_13_4) AppleWebKit/537.36 (KHTML, like Gecko) Chrome/68.0.3440.106 Safari/537.36"
[2018-09-03T20:07:44.529] [INFO] http - ::1 - - "GET /api/topics HTTP/1.1" 200 907 "http://localhost:3000/" "Mozilla/5.0 (Macintosh; Intel Mac OS X 10_13_4) AppleWebKit/537.36 (KHTML, like Gecko) Chrome/68.0.3440.106 Safari/537.36"
[2018-09-03T20:08:40.005] [INFO] http - ::ffff:127.0.0.1 - - "GET /api/topics HTTP/1.1" 200 907 "" "node-fetch/1.0 (+https://github.com/bitinn/node-fetch)"
[2018-09-03T20:08:40.014] [INFO] http - ::1 - - "GET / HTTP/1.1" 200 6533 "http://localhost:3000/signin" "Mozilla/5.0 (Macintosh; Intel Mac OS X 10_13_4) AppleWebKit/537.36 (KHTML, like Gecko) Chrome/68.0.3440.106 Safari/537.36"
[2018-09-03T20:08:40.033] [WARN] http - ::1 - - "GET /static/css/main.41e267b4.css HTTP/1.1" 304 - "http://localhost:3000/" "Mozilla/5.0 (Macintosh; Intel Mac OS X 10_13_4) AppleWebKit/537.36 (KHTML, like Gecko) Chrome/68.0.3440.106 Safari/537.36"
[2018-09-03T20:08:40.033] [WARN] http - ::1 - - "GET /static/js/client.bundle.js HTTP/1.1" 304 - "http://localhost:3000/" "Mozilla/5.0 (Macintosh; Intel Mac OS X 10_13_4) AppleWebKit/537.36 (KHTML, like Gecko) Chrome/68.0.3440.106 Safari/537.36"
[2018-09-03T20:08:40.221] [WARN] http - ::1 - - "GET /api/topics/total/?tab= HTTP/1.1" 304 - "http://localhost:3000/" "Mozilla/5.0 (Macintosh; Intel Mac OS X 10_13_4) AppleWebKit/537.36 (KHTML, like Gecko) Chrome/68.0.3440.106 Safari/537.36"
[2018-09-03T20:08:40.225] [WARN] http - ::1 - - "GET /api/topics HTTP/1.1" 304 - "http://localhost:3000/" "Mozilla/5.0 (Macintosh; Intel Mac OS X 10_13_4) AppleWebKit/537.36 (KHTML, like Gecko) Chrome/68.0.3440.106 Safari/537.36"
[2018-09-03T20:08:40.229] [WARN] http - ::1 - - "GET /api/userinfo HTTP/1.1" 304 - "http://localhost:3000/" "Mozilla/5.0 (Macintosh; Intel Mac OS X 10_13_4) AppleWebKit/537.36 (KHTML, like Gecko) Chrome/68.0.3440.106 Safari/537.36"
[2018-09-03T20:10:05.652] [INFO] http - ::1 - - "GET /api/topic/2 HTTP/1.1" 200 778 "http://localhost:3000/topic/2" "Mozilla/5.0 (Macintosh; Intel Mac OS X 10_13_4) AppleWebKit/537.36 (KHTML, like Gecko) Chrome/68.0.3440.106 Safari/537.36"
[2018-09-03T20:10:33.764] [INFO] http - ::1 - - "POST /api/topic/comment HTTP/1.1" 200 438 "http://localhost:3000/topic/2" "Mozilla/5.0 (Macintosh; Intel Mac OS X 10_13_4) AppleWebKit/537.36 (KHTML, like Gecko) Chrome/68.0.3440.106 Safari/537.36"
[2018-09-03T20:10:38.626] [INFO] http - ::ffff:127.0.0.1 - - "GET /api/topic/2 HTTP/1.1" 200 1186 "" "node-fetch/1.0 (+https://github.com/bitinn/node-fetch)"
[2018-09-03T20:10:38.637] [INFO] http - ::1 - - "GET /topic/2 HTTP/1.1" 200 6269 "http://localhost:3000/signin" "Mozilla/5.0 (Macintosh; Intel Mac OS X 10_13_4) AppleWebKit/537.36 (KHTML, like Gecko) Chrome/68.0.3440.106 Safari/537.36"
[2018-09-03T20:10:38.655] [WARN] http - ::1 - - "GET /static/css/main.41e267b4.css HTTP/1.1" 304 - "http://localhost:3000/topic/2" "Mozilla/5.0 (Macintosh; Intel Mac OS X 10_13_4) AppleWebKit/537.36 (KHTML, like Gecko) Chrome/68.0.3440.106 Safari/537.36"
[2018-09-03T20:10:38.658] [WARN] http - ::1 - - "GET /static/js/client.bundle.js HTTP/1.1" 304 - "http://localhost:3000/topic/2" "Mozilla/5.0 (Macintosh; Intel Mac OS X 10_13_4) AppleWebKit/537.36 (KHTML, like Gecko) Chrome/68.0.3440.106 Safari/537.36"
[2018-09-03T20:10:38.789] [WARN] http - ::1 - - "GET /api/userinfo HTTP/1.1" 304 - "http://localhost:3000/topic/2" "Mozilla/5.0 (Macintosh; Intel Mac OS X 10_13_4) AppleWebKit/537.36 (KHTML, like Gecko) Chrome/68.0.3440.106 Safari/537.36"
[2018-09-03T20:10:38.801] [INFO] http - ::1 - - "GET /api/topic/2 HTTP/1.1" 200 1186 "http://localhost:3000/topic/2" "Mozilla/5.0 (Macintosh; Intel Mac OS X 10_13_4) AppleWebKit/537.36 (KHTML, like Gecko) Chrome/68.0.3440.106 Safari/537.36"
[2018-09-03T20:10:39.234] [INFO] http - ::1 - - "GET /assets/favicon.png HTTP/1.1" 200 2156 "http://localhost:3000/topic/2" "Mozilla/5.0 (Macintosh; Intel Mac OS X 10_13_4) AppleWebKit/537.36 (KHTML, like Gecko) Chrome/68.0.3440.106 Safari/537.36"
[2018-09-03T20:10:39.673] [WARN] http - ::1 - - "GET /api/topics/total/?tab= HTTP/1.1" 304 - "http://localhost:3000/" "Mozilla/5.0 (Macintosh; Intel Mac OS X 10_13_4) AppleWebKit/537.36 (KHTML, like Gecko) Chrome/68.0.3440.106 Safari/537.36"
[2018-09-03T20:10:39.674] [INFO] http - ::1 - - "GET /api/topics HTTP/1.1" 200 907 "http://localhost:3000/" "Mozilla/5.0 (Macintosh; Intel Mac OS X 10_13_4) AppleWebKit/537.36 (KHTML, like Gecko) Chrome/68.0.3440.106 Safari/537.36"
[2018-09-03T20:10:41.285] [INFO] http - ::1 - - "GET /api/topic/2 HTTP/1.1" 200 1186 "http://localhost:3000/topic/2" "Mozilla/5.0 (Macintosh; Intel Mac OS X 10_13_4) AppleWebKit/537.36 (KHTML, like Gecko) Chrome/68.0.3440.106 Safari/537.36"
[2018-09-03T20:10:54.745] [WARN] http - ::1 - - "GET /api/topics/total/?tab= HTTP/1.1" 304 - "http://localhost:3000/" "Mozilla/5.0 (Macintosh; Intel Mac OS X 10_13_4) AppleWebKit/537.36 (KHTML, like Gecko) Chrome/68.0.3440.106 Safari/537.36"
[2018-09-03T20:10:54.750] [INFO] http - ::1 - - "GET /api/topics HTTP/1.1" 200 907 "http://localhost:3000/" "Mozilla/5.0 (Macintosh; Intel Mac OS X 10_13_4) AppleWebKit/537.36 (KHTML, like Gecko) Chrome/68.0.3440.106 Safari/537.36"
[2018-09-03T20:11:21.077] [INFO] http - ::1 - - "POST /api/topic/create HTTP/1.1" 200 25 "http://localhost:3000/topic/create" "Mozilla/5.0 (Macintosh; Intel Mac OS X 10_13_4) AppleWebKit/537.36 (KHTML, like Gecko) Chrome/68.0.3440.106 Safari/537.36"
[2018-09-03T20:11:21.112] [INFO] http - ::1 - - "GET /api/topics/total/?tab= HTTP/1.1" 200 18 "http://localhost:3000/" "Mozilla/5.0 (Macintosh; Intel Mac OS X 10_13_4) AppleWebKit/537.36 (KHTML, like Gecko) Chrome/68.0.3440.106 Safari/537.36"
[2018-09-03T20:11:21.113] [INFO] http - ::1 - - "GET /api/topics HTTP/1.1" 200 1231 "http://localhost:3000/" "Mozilla/5.0 (Macintosh; Intel Mac OS X 10_13_4) AppleWebKit/537.36 (KHTML, like Gecko) Chrome/68.0.3440.106 Safari/537.36"
[2018-09-03T20:11:27.048] [INFO] http - ::ffff:127.0.0.1 - - "GET /api/topics HTTP/1.1" 200 1231 "" "node-fetch/1.0 (+https://github.com/bitinn/node-fetch)"
[2018-09-03T20:11:27.057] [INFO] http - ::1 - - "GET / HTTP/1.1" 200 7488 "http://localhost:3000/signin" "Mozilla/5.0 (Macintosh; Intel Mac OS X 10_13_4) AppleWebKit/537.36 (KHTML, like Gecko) Chrome/68.0.3440.106 Safari/537.36"
[2018-09-03T20:11:27.076] [WARN] http - ::1 - - "GET /static/css/main.41e267b4.css HTTP/1.1" 304 - "http://localhost:3000/" "Mozilla/5.0 (Macintosh; Intel Mac OS X 10_13_4) AppleWebKit/537.36 (KHTML, like Gecko) Chrome/68.0.3440.106 Safari/537.36"
[2018-09-03T20:11:27.076] [WARN] http - ::1 - - "GET /static/js/client.bundle.js HTTP/1.1" 304 - "http://localhost:3000/" "Mozilla/5.0 (Macintosh; Intel Mac OS X 10_13_4) AppleWebKit/537.36 (KHTML, like Gecko) Chrome/68.0.3440.106 Safari/537.36"
[2018-09-03T20:11:27.167] [WARN] http - ::1 - - "GET /api/topics/total/?tab= HTTP/1.1" 304 - "http://localhost:3000/" "Mozilla/5.0 (Macintosh; Intel Mac OS X 10_13_4) AppleWebKit/537.36 (KHTML, like Gecko) Chrome/68.0.3440.106 Safari/537.36"
[2018-09-03T20:11:27.167] [WARN] http - ::1 - - "GET /api/topics HTTP/1.1" 304 - "http://localhost:3000/" "Mozilla/5.0 (Macintosh; Intel Mac OS X 10_13_4) AppleWebKit/537.36 (KHTML, like Gecko) Chrome/68.0.3440.106 Safari/537.36"
[2018-09-03T20:11:27.169] [WARN] http - ::1 - - "GET /api/userinfo HTTP/1.1" 304 - "http://localhost:3000/" "Mozilla/5.0 (Macintosh; Intel Mac OS X 10_13_4) AppleWebKit/537.36 (KHTML, like Gecko) Chrome/68.0.3440.106 Safari/537.36"
[2018-09-03T20:11:27.277] [INFO] http - ::1 - - "GET /assets/favicon.png HTTP/1.1" 200 2156 "http://localhost:3000/" "Mozilla/5.0 (Macintosh; Intel Mac OS X 10_13_4) AppleWebKit/537.36 (KHTML, like Gecko) Chrome/68.0.3440.106 Safari/537.36"
